<?xml version="1.0" encoding="UTF-8"?>
<!-- Generated by org.testng.reporters.JUnitReportReporter -->
<testsuite hostname="Win8164" name="com.qa.util.Extentreport" tests="1" failures="0" timestamp="9 Apr 2020 12:16:31 GMT" time="0.998" errors="0">
  <testcase name="createsignup" time="0.998" classname="com.qa.util.Extentreport"/>
</testsuite> <!-- com.qa.util.Extentreport -->
