<?xml version="1.0" encoding="UTF-8"?>
<!-- Generated by org.testng.reporters.JUnitReportReporter -->
<testsuite hostname="Win8164" name="com.qa.utils.Extentreport" tests="1" failures="0" timestamp="9 Apr 2020 12:14:41 GMT" time="0.772" errors="0">
  <testcase name="createsignup" time="0.772" classname="com.qa.utils.Extentreport"/>
</testsuite> <!-- com.qa.utils.Extentreport -->
